<?xml version="1.0" encoding="UTF-8"?>
<testng-results skipped="0" failed="0" total="1" passed="1">
  <reporter-output>
  </reporter-output>
  <suite name="Default suite" duration-ms="13280" started-at="2019-06-15T18:35:05Z" finished-at="2019-06-15T18:35:18Z">
    <groups>
    </groups>
    <test name="Default test" duration-ms="13280" started-at="2019-06-15T18:35:05Z" finished-at="2019-06-15T18:35:18Z">
      <class name="com.qa.testcases.LoginpageTest">
        <test-method status="PASS" signature="setup()[pri:0, instance:com.qa.testcases.LoginpageTest@3abbfa04]" name="setup" is-config="true" duration-ms="9247" started-at="2019-06-16T00:05:05Z" finished-at="2019-06-16T00:05:14Z">
          <reporter-output>
          </reporter-output>
        </test-method> <!-- setup -->
        <test-method status="PASS" signature="loginpagetest()[pri:0, instance:com.qa.testcases.LoginpageTest@3abbfa04]" name="loginpagetest" duration-ms="3218" started-at="2019-06-16T00:05:14Z" finished-at="2019-06-16T00:05:18Z">
          <reporter-output>
          </reporter-output>
        </test-method> <!-- loginpagetest -->
        <test-method status="PASS" signature="teardown()[pri:0, instance:com.qa.testcases.LoginpageTest@3abbfa04]" name="teardown" is-config="true" duration-ms="763" started-at="2019-06-16T00:05:18Z" finished-at="2019-06-16T00:05:18Z">
          <reporter-output>
          </reporter-output>
        </test-method> <!-- teardown -->
      </class> <!-- com.qa.testcases.LoginpageTest -->
    </test> <!-- Default test -->
  </suite> <!-- Default suite -->
</testng-results>
